[2023-03-22 00:48:55,679] multiqc                                            [DEBUG  ]  This is MultiQC v1.14
[2023-03-22 00:48:55,679] multiqc                                            [DEBUG  ]  Command used: /home/bioinformatikai/.local/bin/multiqc /home/bioinformatikai/HW2/outputs/raw_data/SRR8985047_1_fastqc.html /home/bioinformatikai/HW2/outputs/raw_data/SRR8985047_1_fastqc.zip /home/bioinformatikai/HW2/outputs/raw_data/SRR8985048_1_fastqc.html /home/bioinformatikai/HW2/outputs/raw_data/SRR8985048_1_fastqc.zip /home/bioinformatikai/HW2/outputs/raw_data/SRR8985051_1_fastqc.html /home/bioinformatikai/HW2/outputs/raw_data/SRR8985051_1_fastqc.zip /home/bioinformatikai/HW2/outputs/raw_data/SRR8985052_1_fastqc.html /home/bioinformatikai/HW2/outputs/raw_data/SRR8985052_1_fastqc.zip
[2023-03-22 00:48:55,999] multiqc                                            [DEBUG  ]  Latest MultiQC version is v1.14
[2023-03-22 00:48:56,000] multiqc                                            [DEBUG  ]  Working dir : /home/bioinformatikai/HW2/code/BST_pirmas_nd
[2023-03-22 00:48:56,000] multiqc                                            [DEBUG  ]  Template    : default
[2023-03-22 00:48:56,000] multiqc                                            [DEBUG  ]  Running Python 3.10.6 (main, Nov 14 2022, 16:10:14) [GCC 11.3.0]
[2023-03-22 00:48:56,000] multiqc                                            [DEBUG  ]  Analysing modules: custom_content, ccs, ngsderive, purple, conpair, lima, peddy, somalier, methylQA, mosdepth, phantompeakqualtools, qualimap, preseq, hifiasm, quast, qorts, rna_seqc, rockhopper, rsem, rseqc, busco, bustools, goleft_indexcov, gffcompare, disambiguate, supernova, deeptools, sargasso, verifybamid, mirtrace, happy, mirtop, sambamba, gopeaks, homer, hops, macs2, theta2, snpeff, gatk, htseq, bcftools, featureCounts, fgbio, dragen, dragen_fastqc, dedup, pbmarkdup, damageprofiler, biobambam2, jcvi, mtnucratio, picard, vep, sentieon, prokka, qc3C, nanostat, samblaster, samtools, sexdeterrmine, eigenstratdatabasetools, bamtools, jellyfish, vcftools, longranger, stacks, varscan2, snippy, umitools, bbmap, bismark, biscuit, diamond, hicexplorer, hicup, hicpro, salmon, kallisto, slamdunk, star, hisat2, tophat, bowtie2, bowtie1, cellranger, snpsplit, odgi, pangolin, nextclade, humid, kat, leehom, adapterRemoval, bbduk, clipandmerge, cutadapt, flexbar, kaiju, kraken, malt, motus, trimmomatic, sickle, skewer, sortmerna, biobloomtools, fastq_screen, afterqc, fastp, fastqc, filtlong, prinseqplusplus, pychopper, porechop, pycoqc, minionqc, anglerfish, multivcfanalyzer, clusterflow, checkqc, bcl2fastq, bclconvert, interop, ivar, flash, seqyclean, optitype, whatshap
[2023-03-22 00:48:56,000] multiqc                                            [DEBUG  ]  Using temporary directory for creating report: /tmp/tmpwvu36fvy
[2023-03-22 00:48:56,071] multiqc                                            [INFO   ]  Search path : /home/bioinformatikai/HW2/outputs/raw_data/SRR8985047_1_fastqc.html
[2023-03-22 00:48:56,071] multiqc                                            [INFO   ]  Search path : /home/bioinformatikai/HW2/outputs/raw_data/SRR8985047_1_fastqc.zip
[2023-03-22 00:48:56,071] multiqc                                            [INFO   ]  Search path : /home/bioinformatikai/HW2/outputs/raw_data/SRR8985048_1_fastqc.html
[2023-03-22 00:48:56,071] multiqc                                            [INFO   ]  Search path : /home/bioinformatikai/HW2/outputs/raw_data/SRR8985048_1_fastqc.zip
[2023-03-22 00:48:56,071] multiqc                                            [INFO   ]  Search path : /home/bioinformatikai/HW2/outputs/raw_data/SRR8985051_1_fastqc.html
[2023-03-22 00:48:56,071] multiqc                                            [INFO   ]  Search path : /home/bioinformatikai/HW2/outputs/raw_data/SRR8985051_1_fastqc.zip
[2023-03-22 00:48:56,071] multiqc                                            [INFO   ]  Search path : /home/bioinformatikai/HW2/outputs/raw_data/SRR8985052_1_fastqc.html
[2023-03-22 00:48:56,071] multiqc                                            [INFO   ]  Search path : /home/bioinformatikai/HW2/outputs/raw_data/SRR8985052_1_fastqc.zip
[2023-03-22 00:48:56,307] multiqc                                            [DEBUG  ]  Summary of files that were skipped by the search: [skipped_module_specific_max_filesize: 44] // [skipped_no_match: 4]
[2023-03-22 00:48:56,785] multiqc.plots.bargraph                             [DEBUG  ]  Using matplotlib version 3.5.1
[2023-03-22 00:48:56,785] multiqc.plots.linegraph                            [DEBUG  ]  Using matplotlib version 3.5.1
[2023-03-22 00:48:56,786] multiqc                                            [DEBUG  ]  No samples found: custom_content
[2023-03-22 00:48:56,794] multiqc.modules.fastqc.fastqc                      [INFO   ]  Found 4 reports
[2023-03-22 00:48:56,888] multiqc                                            [INFO   ]  Compressing plot data
[2023-03-22 00:48:56,948] multiqc                                            [INFO   ]  Report      : multiqc_report.html
[2023-03-22 00:48:56,948] multiqc                                            [INFO   ]  Data        : multiqc_data
[2023-03-22 00:48:56,948] multiqc                                            [DEBUG  ]  Moving data file from '/tmp/tmpwvu36fvy/multiqc_data' to '/home/bioinformatikai/HW2/code/BST_pirmas_nd/multiqc_data'
[2023-03-22 00:48:57,017] multiqc                                            [INFO   ]  MultiQC complete
