[2023-03-22 05:42:46,443] multiqc                                            [DEBUG  ]  This is MultiQC v1.14
[2023-03-22 05:42:46,443] multiqc                                            [DEBUG  ]  Command used: /home/bioinformatikai/.local/bin/multiqc /home/bioinformatikai/HW2/inputs/trimmed/SRR8985047_1_val_1_fastqc.html /home/bioinformatikai/HW2/inputs/trimmed/SRR8985047_1_val_1_fastqc.zip /home/bioinformatikai/HW2/inputs/trimmed/SRR8985048_1_val_1_fastqc.html /home/bioinformatikai/HW2/inputs/trimmed/SRR8985048_1_val_1_fastqc.zip /home/bioinformatikai/HW2/inputs/trimmed/SRR8985051_1_val_1_fastqc.html /home/bioinformatikai/HW2/inputs/trimmed/SRR8985051_1_val_1_fastqc.zip /home/bioinformatikai/HW2/inputs/trimmed/SRR8985052_1_val_1_fastqc.html /home/bioinformatikai/HW2/inputs/trimmed/SRR8985052_1_val_1_fastqc.zip -o/home/bioinformatikai/HW2/code/BST_pirmas_nd
[2023-03-22 05:42:46,967] multiqc                                            [DEBUG  ]  Latest MultiQC version is v1.14
[2023-03-22 05:42:46,967] multiqc                                            [DEBUG  ]  Working dir : /home/bioinformatikai/HW2/inputs/trimmed
[2023-03-22 05:42:46,967] multiqc                                            [DEBUG  ]  Template    : default
[2023-03-22 05:42:46,967] multiqc                                            [DEBUG  ]  Running Python 3.10.6 (main, Nov 14 2022, 16:10:14) [GCC 11.3.0]
[2023-03-22 05:42:46,968] multiqc                                            [DEBUG  ]  Analysing modules: custom_content, ccs, ngsderive, purple, conpair, lima, peddy, somalier, methylQA, mosdepth, phantompeakqualtools, qualimap, preseq, hifiasm, quast, qorts, rna_seqc, rockhopper, rsem, rseqc, busco, bustools, goleft_indexcov, gffcompare, disambiguate, supernova, deeptools, sargasso, verifybamid, mirtrace, happy, mirtop, sambamba, gopeaks, homer, hops, macs2, theta2, snpeff, gatk, htseq, bcftools, featureCounts, fgbio, dragen, dragen_fastqc, dedup, pbmarkdup, damageprofiler, biobambam2, jcvi, mtnucratio, picard, vep, sentieon, prokka, qc3C, nanostat, samblaster, samtools, sexdeterrmine, eigenstratdatabasetools, bamtools, jellyfish, vcftools, longranger, stacks, varscan2, snippy, umitools, bbmap, bismark, biscuit, diamond, hicexplorer, hicup, hicpro, salmon, kallisto, slamdunk, star, hisat2, tophat, bowtie2, bowtie1, cellranger, snpsplit, odgi, pangolin, nextclade, humid, kat, leehom, adapterRemoval, bbduk, clipandmerge, cutadapt, flexbar, kaiju, kraken, malt, motus, trimmomatic, sickle, skewer, sortmerna, biobloomtools, fastq_screen, afterqc, fastp, fastqc, filtlong, prinseqplusplus, pychopper, porechop, pycoqc, minionqc, anglerfish, multivcfanalyzer, clusterflow, checkqc, bcl2fastq, bclconvert, interop, ivar, flash, seqyclean, optitype, whatshap
[2023-03-22 05:42:46,968] multiqc                                            [DEBUG  ]  Using temporary directory for creating report: /tmp/tmpo3nuor_r
[2023-03-22 05:42:47,063] multiqc                                            [INFO   ]  Search path : /home/bioinformatikai/HW2/inputs/trimmed/SRR8985047_1_val_1_fastqc.html
[2023-03-22 05:42:47,063] multiqc                                            [INFO   ]  Search path : /home/bioinformatikai/HW2/inputs/trimmed/SRR8985047_1_val_1_fastqc.zip
[2023-03-22 05:42:47,063] multiqc                                            [INFO   ]  Search path : /home/bioinformatikai/HW2/inputs/trimmed/SRR8985048_1_val_1_fastqc.html
[2023-03-22 05:42:47,063] multiqc                                            [INFO   ]  Search path : /home/bioinformatikai/HW2/inputs/trimmed/SRR8985048_1_val_1_fastqc.zip
[2023-03-22 05:42:47,063] multiqc                                            [INFO   ]  Search path : /home/bioinformatikai/HW2/inputs/trimmed/SRR8985051_1_val_1_fastqc.html
[2023-03-22 05:42:47,063] multiqc                                            [INFO   ]  Search path : /home/bioinformatikai/HW2/inputs/trimmed/SRR8985051_1_val_1_fastqc.zip
[2023-03-22 05:42:47,063] multiqc                                            [INFO   ]  Search path : /home/bioinformatikai/HW2/inputs/trimmed/SRR8985052_1_val_1_fastqc.html
[2023-03-22 05:42:47,063] multiqc                                            [INFO   ]  Search path : /home/bioinformatikai/HW2/inputs/trimmed/SRR8985052_1_val_1_fastqc.zip
[2023-03-22 05:42:47,352] multiqc                                            [DEBUG  ]  Summary of files that were skipped by the search: [skipped_module_specific_max_filesize: 44] // [skipped_no_match: 4]
[2023-03-22 05:42:48,220] multiqc.plots.bargraph                             [DEBUG  ]  Using matplotlib version 3.5.1
[2023-03-22 05:42:48,220] multiqc.plots.linegraph                            [DEBUG  ]  Using matplotlib version 3.5.1
[2023-03-22 05:42:48,221] multiqc                                            [DEBUG  ]  No samples found: custom_content
[2023-03-22 05:42:48,269] multiqc.modules.fastqc.fastqc                      [INFO   ]  Found 4 reports
[2023-03-22 05:42:48,367] multiqc                                            [INFO   ]  Compressing plot data
[2023-03-22 05:42:48,422] multiqc                                            [WARNING]  Previous MultiQC output found! Adjusting filenames..
[2023-03-22 05:42:48,422] multiqc                                            [WARNING]  Use -f or --force to overwrite existing reports instead
[2023-03-22 05:42:48,422] multiqc                                            [INFO   ]  Report      : ../../code/BST_pirmas_nd/multiqc_report_1.html
[2023-03-22 05:42:48,422] multiqc                                            [INFO   ]  Data        : ../../code/BST_pirmas_nd/multiqc_data_1
[2023-03-22 05:42:48,422] multiqc                                            [DEBUG  ]  Moving data file from '/tmp/tmpo3nuor_r/multiqc_data' to '/home/bioinformatikai/HW2/code/BST_pirmas_nd/multiqc_data_1'
[2023-03-22 05:42:48,492] multiqc                                            [INFO   ]  MultiQC complete
